<?xml version="1.0" encoding="UTF-8"?>
<!-- Generated by org.testng.reporters.JUnitReportReporter -->
<testsuite hostname="tapashwani" name="com.ADMNetworks.Tests.Login" tests="1" failures="0" timestamp="3 Nov 2011 12:11:46 GMT" time="49.690" errors="0">
  <testcase name="testLogin" time="49.690" classname="com.ADMNetworks.Tests.Login"/>
</testsuite>
